<?xml version="1.0" encoding="UTF-8"?>
<!-- Generated by org.testng.reporters.JUnitReportReporter -->
<testsuite skipped="0" hostname="DESKTOP-E5QN8FN" name="com.crm.qa.testcases.HomePageTest" tests="3" failures="0" timestamp="2021-08-27T01:29:42 IST" time="59.289" errors="0">
  <testcase name="verifyHomePageTitleTest" time="19.890" classname="com.crm.qa.testcases.HomePageTest"/>
  <system-out/>
  <testcase name="verfyCorrectUserNameTest" time="18.886" classname="com.crm.qa.testcases.HomePageTest"/>
  <system-out/>
  <testcase name="clickOnContactsLinkTest" time="20.513" classname="com.crm.qa.testcases.HomePageTest"/>
  <system-out/>
</testsuite> <!-- com.crm.qa.testcases.HomePageTest -->
