<?xml version="1.0" encoding="UTF-8"?>
<!-- Generated by org.testng.reporters.JUnitReportReporter -->
<testsuite hostname="DESKTOP-E5QN8FN" failures="0" tests="3" name="com.crm.qa.testcases.HomePageTest" time="57.139" errors="0" timestamp="2021-08-26T00:16:47 IST" skipped="0">
  <testcase classname="com.crm.qa.testcases.HomePageTest" name="verifyHomePageTitleTest" time="18.374"/>
  <system-out/>
  <testcase classname="com.crm.qa.testcases.HomePageTest" name="verfyCorrectUserNameTest" time="17.399"/>
  <system-out/>
  <testcase classname="com.crm.qa.testcases.HomePageTest" name="clickOnContactsLinkTest" time="21.366"/>
  <system-out/>
</testsuite> <!-- com.crm.qa.testcases.HomePageTest -->
