<?xml version="1.0" encoding="UTF-8"?>
<!-- Generated by org.testng.reporters.JUnitReportReporter -->
<testsuite hostname="DESKTOP-E5QN8FN" failures="0" tests="3" name="com.crm.qa.testcases.LoginPageTest" time="37.822" errors="0" timestamp="2021-08-26T00:16:47 IST" skipped="0">
  <testcase classname="com.crm.qa.testcases.LoginPageTest" name="loginPageTitleTest" time="9.040"/>
  <system-out/>
  <testcase classname="com.crm.qa.testcases.LoginPageTest" name="crmLogoTest" time="8.060"/>
  <system-out/>
  <testcase classname="com.crm.qa.testcases.LoginPageTest" name="loginTest" time="20.722"/>
  <system-out/>
</testsuite> <!-- com.crm.qa.testcases.LoginPageTest -->
