<?xml version="1.0" encoding="UTF-8"?>
<!-- Generated by org.testng.reporters.JUnitReportReporter -->
<testsuite skipped="0" hostname="DESKTOP-E5QN8FN" name="com.crm.qa.testcases.LoginPageTest" tests="3" failures="0" timestamp="2021-08-27T01:29:42 IST" time="39.404" errors="0">
  <testcase name="loginPageTitleTest" time="8.487" classname="com.crm.qa.testcases.LoginPageTest"/>
  <system-out/>
  <testcase name="crmLogoTest" time="9.983" classname="com.crm.qa.testcases.LoginPageTest"/>
  <system-out/>
  <testcase name="loginTest" time="20.934" classname="com.crm.qa.testcases.LoginPageTest"/>
  <system-out/>
</testsuite> <!-- com.crm.qa.testcases.LoginPageTest -->
