<?xml version="1.0" encoding="UTF-8"?>
<!-- Generated by org.testng.reporters.JUnitReportReporter -->
<testsuite skipped="0" hostname="DESKTOP-E5QN8FN" name="com.crm.qa.testcases.LoginPageTest" tests="3" failures="0" timestamp="2021-08-26T17:46:39 IST" time="42.775" errors="0">
  <testcase name="loginPageTitleTest" time="8.507" classname="com.crm.qa.testcases.LoginPageTest"/>
  <system-out/>
  <testcase name="crmLogoTest" time="10.092" classname="com.crm.qa.testcases.LoginPageTest"/>
  <system-out/>
  <testcase name="loginTest" time="24.176" classname="com.crm.qa.testcases.LoginPageTest"/>
  <system-out/>
</testsuite> <!-- com.crm.qa.testcases.LoginPageTest -->
