<?xml version="1.0" encoding="UTF-8"?>
<!-- Generated by org.testng.reporters.JUnitReportReporter -->
<testsuite skipped="0" hostname="DESKTOP-E5QN8FN" name="com.crm.qa.testcases.HomePageTest" tests="3" failures="0" timestamp="2021-08-26T17:46:39 IST" time="66.700" errors="0">
  <testcase name="verifyHomePageTitleTest" time="19.183" classname="com.crm.qa.testcases.HomePageTest"/>
  <system-out/>
  <testcase name="verfyCorrectUserNameTest" time="22.207" classname="com.crm.qa.testcases.HomePageTest"/>
  <system-out/>
  <testcase name="clickOnContactsLinkTest" time="25.310" classname="com.crm.qa.testcases.HomePageTest"/>
  <system-out/>
</testsuite> <!-- com.crm.qa.testcases.HomePageTest -->
